<?xml version="1.0" encoding="UTF-8"?>
<testsuite xmlns:xsi="http://www.w3.org/2001/XMLSchema-instance" xsi:noNamespaceSchemaLocation="https://maven.apache.org/surefire/maven-surefire-plugin/xsd/surefire-test-report-3.0.xsd" version="3.0" name="TranslatorTest" time="2.301" tests="2" errors="0" skipped="0" failures="0">
  <properties>
[...]
</properties>
  <testcase name="testTranslationAPI(String, String, String, String)[1]" classname="TranslatorTest" time="1.838"/>
  <testcase name="testTranslationAPI(String, String, String, String)[2]" classname="TranslatorTest" time="0.414"/>
</testsuite>